#! /opt/homebrew/Cellar/icarus-verilog/13.0/bin/vvp
:ivl_version "13.0 (stable)" "(v13_0)";
:ivl_delay_selection "TYPICAL";
:vpi_time_precision - 12;
:vpi_module "/opt/homebrew/Cellar/icarus-verilog/13.0/lib/ivl/system.vpi";
:vpi_module "/opt/homebrew/Cellar/icarus-verilog/13.0/lib/ivl/vhdl_sys.vpi";
:vpi_module "/opt/homebrew/Cellar/icarus-verilog/13.0/lib/ivl/vhdl_textio.vpi";
:vpi_module "/opt/homebrew/Cellar/icarus-verilog/13.0/lib/ivl/v2005_math.vpi";
:vpi_module "/opt/homebrew/Cellar/icarus-verilog/13.0/lib/ivl/va_math.vpi";
S_0x159804950 .scope module, "tb_fpga_adder" "tb_fpga_adder" 2 4;
 .timescale -9 -12;
v0x1598153a0_0 .var "clk", 0 0;
v0x159815450_0 .var "i_a", 7 0;
v0x1598154e0_0 .var "i_b", 7 0;
v0x1598155b0_0 .net "o_sum", 8 0, v0x1598151d0_0;  1 drivers
v0x159815660_0 .var "rst_n", 0 0;
E_0x159804ad0 .event posedge, v0x159814f90_0;
S_0x159804b30 .scope module, "uut" "fpga_adder" 2 12, 3 1 0, S_0x159804950;
 .timescale 0 0;
    .port_info 0 /INPUT 1 "clk";
    .port_info 1 /INPUT 1 "rst_n";
    .port_info 2 /INPUT 8 "i_a";
    .port_info 3 /INPUT 8 "i_b";
    .port_info 4 /OUTPUT 9 "o_sum";
v0x159804e30_0 .var "a_reg", 7 0;
v0x159814ef0_0 .var "b_reg", 7 0;
v0x159814f90_0 .net "clk", 0 0, v0x1598153a0_0;  1 drivers
v0x159815040_0 .net "i_a", 7 0, v0x159815450_0;  1 drivers
v0x1598150e0_0 .net "i_b", 7 0, v0x1598154e0_0;  1 drivers
v0x1598151d0_0 .var "o_sum", 8 0;
v0x159815280_0 .net "rst_n", 0 0, v0x159815660_0;  1 drivers
E_0x159804dd0/0 .event negedge, v0x159815280_0;
E_0x159804dd0/1 .event posedge, v0x159814f90_0;
E_0x159804dd0 .event/or E_0x159804dd0/0, E_0x159804dd0/1;
    .scope S_0x159804b30;
T_0 ;
    %wait E_0x159804dd0;
    %load/vec4 v0x159815280_0;
    %nor/r;
    %flag_set/vec4 8;
    %jmp/0xz  T_0.0, 8;
    %pushi/vec4 0, 0, 8;
    %assign/vec4 v0x159804e30_0, 0;
    %pushi/vec4 0, 0, 8;
    %assign/vec4 v0x159814ef0_0, 0;
    %pushi/vec4 0, 0, 9;
    %assign/vec4 v0x1598151d0_0, 0;
    %jmp T_0.1;
T_0.0 ;
    %load/vec4 v0x159815040_0;
    %assign/vec4 v0x159804e30_0, 0;
    %load/vec4 v0x1598150e0_0;
    %assign/vec4 v0x159814ef0_0, 0;
    %load/vec4 v0x159804e30_0;
    %pad/u 9;
    %load/vec4 v0x159814ef0_0;
    %pad/u 9;
    %add;
    %assign/vec4 v0x1598151d0_0, 0;
T_0.1 ;
    %jmp T_0;
    .thread T_0;
    .scope S_0x159804950;
T_1 ;
    %delay 5000, 0;
    %load/vec4 v0x1598153a0_0;
    %inv;
    %store/vec4 v0x1598153a0_0, 0, 1;
    %jmp T_1;
    .thread T_1;
    .scope S_0x159804950;
T_2 ;
    %vpi_call 2 25 "$dumpfile", "waveform.vcd" {0 0 0};
    %vpi_call 2 26 "$dumpvars", 32'sb00000000000000000000000000000000, S_0x159804950 {0 0 0};
    %pushi/vec4 0, 0, 1;
    %store/vec4 v0x1598153a0_0, 0, 1;
    %pushi/vec4 0, 0, 1;
    %store/vec4 v0x159815660_0, 0, 1;
    %pushi/vec4 0, 0, 8;
    %store/vec4 v0x159815450_0, 0, 8;
    %pushi/vec4 0, 0, 8;
    %store/vec4 v0x1598154e0_0, 0, 8;
    %delay 20000, 0;
    %pushi/vec4 1, 0, 1;
    %store/vec4 v0x159815660_0, 0, 1;
    %wait E_0x159804ad0;
    %pushi/vec4 45, 0, 8;
    %store/vec4 v0x159815450_0, 0, 8;
    %pushi/vec4 55, 0, 8;
    %store/vec4 v0x1598154e0_0, 0, 8;
    %wait E_0x159804ad0;
    %pushi/vec4 200, 0, 8;
    %store/vec4 v0x159815450_0, 0, 8;
    %pushi/vec4 100, 0, 8;
    %store/vec4 v0x1598154e0_0, 0, 8;
    %delay 40000, 0;
    %vpi_call 2 41 "$finish" {0 0 0};
    %end;
    .thread T_2;
# The file index is used to find the file name in the following table.
:file_names 4;
    "N/A";
    "<interactive>";
    "tb_fpga_adder.v";
    "fpga_adder.v";
